<?xml version="1.0" encoding="UTF-8"?>
<testsuite xmlns:xsi="http://www.w3.org/2001/XMLSchema-instance" xsi:noNamespaceSchemaLocation="https://maven.apache.org/surefire/maven-surefire-plugin/xsd/surefire-test-report.xsd" name="runner.TestRunner" time="86.884" tests="20" errors="0" skipped="0" failures="2">
  <properties>
    <property name="sun.desktop" value="windows"/>
    <property name="awt.toolkit" value="sun.awt.windows.WToolkit"/>
    <property name="file.encoding.pkg" value="sun.io"/>
    <property name="java.specification.version" value="1.8"/>
    <property name="sun.cpu.isalist" value="amd64"/>
    <property name="sun.jnu.encoding" value="Cp1252"/>
    <property name="java.class.path" value="C:\Users\Anne-Marie\git\zoopla2TAE\ZooplaCucumberMavenJunit2\target\test-classes;C:\Users\Anne-Marie\git\zoopla2TAE\ZooplaCucumberMavenJunit2\target\classes;C:\Users\Anne-Marie\.m2\repository\org\seleniumhq\selenium\selenium-server\3.8.1\selenium-server-3.8.1.jar;C:\Users\Anne-Marie\.m2\repository\org\seleniumhq\selenium\selenium-java\3.8.1\selenium-java-3.8.1.jar;C:\Users\Anne-Marie\.m2\repository\org\seleniumhq\selenium\selenium-api\3.8.1\selenium-api-3.8.1.jar;C:\Users\Anne-Marie\.m2\repository\org\seleniumhq\selenium\selenium-chrome-driver\3.8.1\selenium-chrome-driver-3.8.1.jar;C:\Users\Anne-Marie\.m2\repository\org\seleniumhq\selenium\selenium-edge-driver\3.8.1\selenium-edge-driver-3.8.1.jar;C:\Users\Anne-Marie\.m2\repository\org\seleniumhq\selenium\selenium-firefox-driver\3.8.1\selenium-firefox-driver-3.8.1.jar;C:\Users\Anne-Marie\.m2\repository\org\seleniumhq\selenium\selenium-ie-driver\3.8.1\selenium-ie-driver-3.8.1.jar;C:\Users\Anne-Marie\.m2\repository\org\seleniumhq\selenium\selenium-opera-driver\3.8.1\selenium-opera-driver-3.8.1.jar;C:\Users\Anne-Marie\.m2\repository\org\seleniumhq\selenium\selenium-remote-driver\3.8.1\selenium-remote-driver-3.8.1.jar;C:\Users\Anne-Marie\.m2\repository\org\seleniumhq\selenium\selenium-safari-driver\3.8.1\selenium-safari-driver-3.8.1.jar;C:\Users\Anne-Marie\.m2\repository\org\seleniumhq\selenium\selenium-support\3.8.1\selenium-support-3.8.1.jar;C:\Users\Anne-Marie\.m2\repository\com\beust\jcommander\1.48\jcommander-1.48.jar;C:\Users\Anne-Marie\.m2\repository\net\bytebuddy\byte-buddy\1.7.5\byte-buddy-1.7.5.jar;C:\Users\Anne-Marie\.m2\repository\org\apache\commons\commons-exec\1.3\commons-exec-1.3.jar;C:\Users\Anne-Marie\.m2\repository\org\apache\commons\commons-lang3\3.7\commons-lang3-3.7.jar;C:\Users\Anne-Marie\.m2\repository\org\apache\commons\commons-text\1.1\commons-text-1.1.jar;C:\Users\Anne-Marie\.m2\repository\commons-codec\commons-codec\1.10\commons-codec-1.10.jar;C:\Users\Anne-Marie\.m2\repository\commons-io\commons-io\2.6\commons-io-2.6.jar;C:\Users\Anne-Marie\.m2\repository\commons-logging\commons-logging\1.2\commons-logging-1.2.jar;C:\Users\Anne-Marie\.m2\repository\commons-net\commons-net\3.6\commons-net-3.6.jar;C:\Users\Anne-Marie\.m2\repository\org\w3c\css\sac\1.3\sac-1.3.jar;C:\Users\Anne-Marie\.m2\repository\net\sourceforge\cssparser\cssparser\0.9.24\cssparser-0.9.24.jar;C:\Users\Anne-Marie\.m2\repository\com\google\code\gson\gson\2.8.2\gson-2.8.2.jar;C:\Users\Anne-Marie\.m2\repository\com\google\guava\guava\23.0\guava-23.0.jar;C:\Users\Anne-Marie\.m2\repository\com\google\code\findbugs\jsr305\1.3.9\jsr305-1.3.9.jar;C:\Users\Anne-Marie\.m2\repository\com\google\errorprone\error_prone_annotations\2.0.18\error_prone_annotations-2.0.18.jar;C:\Users\Anne-Marie\.m2\repository\com\google\j2objc\j2objc-annotations\1.1\j2objc-annotations-1.1.jar;C:\Users\Anne-Marie\.m2\repository\org\codehaus\mojo\animal-sniffer-annotations\1.14\animal-sniffer-annotations-1.14.jar;C:\Users\Anne-Marie\.m2\repository\net\sourceforge\htmlunit\htmlunit\2.28\htmlunit-2.28.jar;C:\Users\Anne-Marie\.m2\repository\net\sourceforge\htmlunit\htmlunit-core-js\2.28\htmlunit-core-js-2.28.jar;C:\Users\Anne-Marie\.m2\repository\net\sourceforge\htmlunit\neko-htmlunit\2.28\neko-htmlunit-2.28.jar;C:\Users\Anne-Marie\.m2\repository\org\apache\httpcomponents\httpclient\4.5.3\httpclient-4.5.3.jar;C:\Users\Anne-Marie\.m2\repository\org\apache\httpcomponents\httpcore\4.4.6\httpcore-4.4.6.jar;C:\Users\Anne-Marie\.m2\repository\org\apache\httpcomponents\httpmime\4.5.3\httpmime-4.5.3.jar;C:\Users\Anne-Marie\.m2\repository\net\jcip\jcip-annotations\1.0\jcip-annotations-1.0.jar;C:\Users\Anne-Marie\.m2\repository\org\seleniumhq\selenium\jetty-repacked\9.4.7.v20170914\jetty-repacked-9.4.7.v20170914.jar;C:\Users\Anne-Marie\.m2\repository\org\eclipse\jetty\jetty-client\9.4.7.v20170914\jetty-client-9.4.7.v20170914.jar;C:\Users\Anne-Marie\.m2\repository\org\eclipse\jetty\jetty-http\9.4.7.v20170914\jetty-http-9.4.7.v20170914.jar;C:\Users\Anne-Marie\.m2\repository\org\eclipse\jetty\jetty-io\9.4.7.v20170914\jetty-io-9.4.7.v20170914.jar;C:\Users\Anne-Marie\.m2\repository\org\eclipse\jetty\jetty-util\9.4.7.v20170914\jetty-util-9.4.7.v20170914.jar;C:\Users\Anne-Marie\.m2\repository\org\eclipse\jetty\jetty-xml\9.4.7.v20170914\jetty-xml-9.4.7.v20170914.jar;C:\Users\Anne-Marie\.m2\repository\org\seleniumhq\selenium\htmlunit-driver\2.28\htmlunit-driver-2.28.jar;C:\Users\Anne-Marie\.m2\repository\javax\servlet\javax.servlet-api\3.1.0\javax.servlet-api-3.1.0.jar;C:\Users\Anne-Marie\.m2\repository\org\eclipse\jetty\websocket\websocket-api\9.4.7.v20170914\websocket-api-9.4.7.v20170914.jar;C:\Users\Anne-Marie\.m2\repository\org\eclipse\jetty\websocket\websocket-client\9.4.7.v20170914\websocket-client-9.4.7.v20170914.jar;C:\Users\Anne-Marie\.m2\repository\org\eclipse\jetty\websocket\websocket-common\9.4.7.v20170914\websocket-common-9.4.7.v20170914.jar;C:\Users\Anne-Marie\.m2\repository\xalan\serializer\2.7.2\serializer-2.7.2.jar;C:\Users\Anne-Marie\.m2\repository\xalan\xalan\2.7.2\xalan-2.7.2.jar;C:\Users\Anne-Marie\.m2\repository\xerces\xercesImpl\2.11.0\xercesImpl-2.11.0.jar;C:\Users\Anne-Marie\.m2\repository\xml-apis\xml-apis\1.4.01\xml-apis-1.4.01.jar;C:\Users\Anne-Marie\.m2\repository\org\yaml\snakeyaml\1.15\snakeyaml-1.15.jar;C:\Users\Anne-Marie\.m2\repository\junit\junit\4.12\junit-4.12.jar;C:\Users\Anne-Marie\.m2\repository\org\hamcrest\hamcrest-core\1.3\hamcrest-core-1.3.jar;C:\Users\Anne-Marie\.m2\repository\log4j\log4j\1.2.17\log4j-1.2.17.jar;C:\Users\Anne-Marie\.m2\repository\info\cukes\cucumber-junit\1.2.5\cucumber-junit-1.2.5.jar;C:\Users\Anne-Marie\.m2\repository\info\cukes\cucumber-core\1.2.5\cucumber-core-1.2.5.jar;C:\Users\Anne-Marie\.m2\repository\info\cukes\cucumber-html\0.2.3\cucumber-html-0.2.3.jar;C:\Users\Anne-Marie\.m2\repository\info\cukes\cucumber-jvm-deps\1.0.5\cucumber-jvm-deps-1.0.5.jar;C:\Users\Anne-Marie\.m2\repository\info\cukes\gherkin\2.12.2\gherkin-2.12.2.jar;C:\Users\Anne-Marie\.m2\repository\info\cukes\cucumber-java8\1.2.5\cucumber-java8-1.2.5.jar;C:\Users\Anne-Marie\.m2\repository\info\cukes\cucumber-java\1.2.5\cucumber-java-1.2.5.jar;C:\Users\Anne-Marie\.m2\repository\net\masterthought\cucumber-reporting\3.13.0\cucumber-reporting-3.13.0.jar;C:\Users\Anne-Marie\.m2\repository\org\apache\logging\log4j\log4j-api\2.8.2\log4j-api-2.8.2.jar;C:\Users\Anne-Marie\.m2\repository\org\apache\logging\log4j\log4j-core\2.8.2\log4j-core-2.8.2.jar;C:\Users\Anne-Marie\.m2\repository\com\fasterxml\jackson\core\jackson-databind\2.8.6\jackson-databind-2.8.6.jar;C:\Users\Anne-Marie\.m2\repository\com\fasterxml\jackson\core\jackson-annotations\2.8.0\jackson-annotations-2.8.0.jar;C:\Users\Anne-Marie\.m2\repository\com\fasterxml\jackson\core\jackson-core\2.8.6\jackson-core-2.8.6.jar;C:\Users\Anne-Marie\.m2\repository\org\apache\velocity\velocity\1.7\velocity-1.7.jar;C:\Users\Anne-Marie\.m2\repository\commons-collections\commons-collections\3.2.1\commons-collections-3.2.1.jar;C:\Users\Anne-Marie\.m2\repository\commons-lang\commons-lang\2.4\commons-lang-2.4.jar;C:\Users\Anne-Marie\.m2\repository\velocity-tools\velocity-tools\1.4\velocity-tools-1.4.jar;C:\Users\Anne-Marie\.m2\repository\joda-time\joda-time\2.9.9\joda-time-2.9.9.jar;C:\Users\Anne-Marie\.m2\repository\net\lingala\zip4j\zip4j\1.3.2\zip4j-1.3.2.jar;C:\Users\Anne-Marie\.m2\repository\org\codehaus\plexus\plexus-utils\3.0.24\plexus-utils-3.0.24.jar;C:\Users\Anne-Marie\.m2\repository\org\jsoup\jsoup\1.10.3\jsoup-1.10.3.jar;C:\Users\Anne-Marie\.m2\repository\com\googlecode\owasp-java-html-sanitizer\owasp-java-html-sanitizer\20170515.1\owasp-java-html-sanitizer-20170515.1.jar;C:\Users\Anne-Marie\.m2\repository\commons-configuration\commons-configuration\1.6\commons-configuration-1.6.jar;C:\Users\Anne-Marie\.m2\repository\commons-digester\commons-digester\1.8\commons-digester-1.8.jar;C:\Users\Anne-Marie\.m2\repository\commons-beanutils\commons-beanutils\1.7.0\commons-beanutils-1.7.0.jar;C:\Users\Anne-Marie\.m2\repository\commons-beanutils\commons-beanutils-core\1.8.0\commons-beanutils-core-1.8.0.jar;"/>
    <property name="java.vm.vendor" value="Oracle Corporation"/>
    <property name="sun.arch.data.model" value="64"/>
    <property name="user.variant" value=""/>
    <property name="java.vendor.url" value="http://java.oracle.com/"/>
    <property name="user.timezone" value=""/>
    <property name="java.vm.specification.version" value="1.8"/>
    <property name="os.name" value="Windows 10"/>
    <property name="user.country" value="US"/>
    <property name="sun.java.launcher" value="SUN_STANDARD"/>
    <property name="sun.boot.library.path" value="C:\Program Files\Java\jdk1.8.0_144\jre\bin"/>
    <property name="sun.java.command" value="C:\Users\ANNE-M~1\AppData\Local\Temp\surefire4962472783792867822\surefirebooter8525593515958550365.jar C:\Users\Anne-Marie\AppData\Local\Temp\surefire4962472783792867822 2018-01-24T20-12-45_649-jvmRun1 surefire6065620660228398240tmp surefire_08020316102627173728tmp"/>
    <property name="surefire.test.class.path" value="C:\Users\Anne-Marie\git\zoopla2TAE\ZooplaCucumberMavenJunit2\target\test-classes;C:\Users\Anne-Marie\git\zoopla2TAE\ZooplaCucumberMavenJunit2\target\classes;C:\Users\Anne-Marie\.m2\repository\org\seleniumhq\selenium\selenium-server\3.8.1\selenium-server-3.8.1.jar;C:\Users\Anne-Marie\.m2\repository\org\seleniumhq\selenium\selenium-java\3.8.1\selenium-java-3.8.1.jar;C:\Users\Anne-Marie\.m2\repository\org\seleniumhq\selenium\selenium-api\3.8.1\selenium-api-3.8.1.jar;C:\Users\Anne-Marie\.m2\repository\org\seleniumhq\selenium\selenium-chrome-driver\3.8.1\selenium-chrome-driver-3.8.1.jar;C:\Users\Anne-Marie\.m2\repository\org\seleniumhq\selenium\selenium-edge-driver\3.8.1\selenium-edge-driver-3.8.1.jar;C:\Users\Anne-Marie\.m2\repository\org\seleniumhq\selenium\selenium-firefox-driver\3.8.1\selenium-firefox-driver-3.8.1.jar;C:\Users\Anne-Marie\.m2\repository\org\seleniumhq\selenium\selenium-ie-driver\3.8.1\selenium-ie-driver-3.8.1.jar;C:\Users\Anne-Marie\.m2\repository\org\seleniumhq\selenium\selenium-opera-driver\3.8.1\selenium-opera-driver-3.8.1.jar;C:\Users\Anne-Marie\.m2\repository\org\seleniumhq\selenium\selenium-remote-driver\3.8.1\selenium-remote-driver-3.8.1.jar;C:\Users\Anne-Marie\.m2\repository\org\seleniumhq\selenium\selenium-safari-driver\3.8.1\selenium-safari-driver-3.8.1.jar;C:\Users\Anne-Marie\.m2\repository\org\seleniumhq\selenium\selenium-support\3.8.1\selenium-support-3.8.1.jar;C:\Users\Anne-Marie\.m2\repository\com\beust\jcommander\1.48\jcommander-1.48.jar;C:\Users\Anne-Marie\.m2\repository\net\bytebuddy\byte-buddy\1.7.5\byte-buddy-1.7.5.jar;C:\Users\Anne-Marie\.m2\repository\org\apache\commons\commons-exec\1.3\commons-exec-1.3.jar;C:\Users\Anne-Marie\.m2\repository\org\apache\commons\commons-lang3\3.7\commons-lang3-3.7.jar;C:\Users\Anne-Marie\.m2\repository\org\apache\commons\commons-text\1.1\commons-text-1.1.jar;C:\Users\Anne-Marie\.m2\repository\commons-codec\commons-codec\1.10\commons-codec-1.10.jar;C:\Users\Anne-Marie\.m2\repository\commons-io\commons-io\2.6\commons-io-2.6.jar;C:\Users\Anne-Marie\.m2\repository\commons-logging\commons-logging\1.2\commons-logging-1.2.jar;C:\Users\Anne-Marie\.m2\repository\commons-net\commons-net\3.6\commons-net-3.6.jar;C:\Users\Anne-Marie\.m2\repository\org\w3c\css\sac\1.3\sac-1.3.jar;C:\Users\Anne-Marie\.m2\repository\net\sourceforge\cssparser\cssparser\0.9.24\cssparser-0.9.24.jar;C:\Users\Anne-Marie\.m2\repository\com\google\code\gson\gson\2.8.2\gson-2.8.2.jar;C:\Users\Anne-Marie\.m2\repository\com\google\guava\guava\23.0\guava-23.0.jar;C:\Users\Anne-Marie\.m2\repository\com\google\code\findbugs\jsr305\1.3.9\jsr305-1.3.9.jar;C:\Users\Anne-Marie\.m2\repository\com\google\errorprone\error_prone_annotations\2.0.18\error_prone_annotations-2.0.18.jar;C:\Users\Anne-Marie\.m2\repository\com\google\j2objc\j2objc-annotations\1.1\j2objc-annotations-1.1.jar;C:\Users\Anne-Marie\.m2\repository\org\codehaus\mojo\animal-sniffer-annotations\1.14\animal-sniffer-annotations-1.14.jar;C:\Users\Anne-Marie\.m2\repository\net\sourceforge\htmlunit\htmlunit\2.28\htmlunit-2.28.jar;C:\Users\Anne-Marie\.m2\repository\net\sourceforge\htmlunit\htmlunit-core-js\2.28\htmlunit-core-js-2.28.jar;C:\Users\Anne-Marie\.m2\repository\net\sourceforge\htmlunit\neko-htmlunit\2.28\neko-htmlunit-2.28.jar;C:\Users\Anne-Marie\.m2\repository\org\apache\httpcomponents\httpclient\4.5.3\httpclient-4.5.3.jar;C:\Users\Anne-Marie\.m2\repository\org\apache\httpcomponents\httpcore\4.4.6\httpcore-4.4.6.jar;C:\Users\Anne-Marie\.m2\repository\org\apache\httpcomponents\httpmime\4.5.3\httpmime-4.5.3.jar;C:\Users\Anne-Marie\.m2\repository\net\jcip\jcip-annotations\1.0\jcip-annotations-1.0.jar;C:\Users\Anne-Marie\.m2\repository\org\seleniumhq\selenium\jetty-repacked\9.4.7.v20170914\jetty-repacked-9.4.7.v20170914.jar;C:\Users\Anne-Marie\.m2\repository\org\eclipse\jetty\jetty-client\9.4.7.v20170914\jetty-client-9.4.7.v20170914.jar;C:\Users\Anne-Marie\.m2\repository\org\eclipse\jetty\jetty-http\9.4.7.v20170914\jetty-http-9.4.7.v20170914.jar;C:\Users\Anne-Marie\.m2\repository\org\eclipse\jetty\jetty-io\9.4.7.v20170914\jetty-io-9.4.7.v20170914.jar;C:\Users\Anne-Marie\.m2\repository\org\eclipse\jetty\jetty-util\9.4.7.v20170914\jetty-util-9.4.7.v20170914.jar;C:\Users\Anne-Marie\.m2\repository\org\eclipse\jetty\jetty-xml\9.4.7.v20170914\jetty-xml-9.4.7.v20170914.jar;C:\Users\Anne-Marie\.m2\repository\org\seleniumhq\selenium\htmlunit-driver\2.28\htmlunit-driver-2.28.jar;C:\Users\Anne-Marie\.m2\repository\javax\servlet\javax.servlet-api\3.1.0\javax.servlet-api-3.1.0.jar;C:\Users\Anne-Marie\.m2\repository\org\eclipse\jetty\websocket\websocket-api\9.4.7.v20170914\websocket-api-9.4.7.v20170914.jar;C:\Users\Anne-Marie\.m2\repository\org\eclipse\jetty\websocket\websocket-client\9.4.7.v20170914\websocket-client-9.4.7.v20170914.jar;C:\Users\Anne-Marie\.m2\repository\org\eclipse\jetty\websocket\websocket-common\9.4.7.v20170914\websocket-common-9.4.7.v20170914.jar;C:\Users\Anne-Marie\.m2\repository\xalan\serializer\2.7.2\serializer-2.7.2.jar;C:\Users\Anne-Marie\.m2\repository\xalan\xalan\2.7.2\xalan-2.7.2.jar;C:\Users\Anne-Marie\.m2\repository\xerces\xercesImpl\2.11.0\xercesImpl-2.11.0.jar;C:\Users\Anne-Marie\.m2\repository\xml-apis\xml-apis\1.4.01\xml-apis-1.4.01.jar;C:\Users\Anne-Marie\.m2\repository\org\yaml\snakeyaml\1.15\snakeyaml-1.15.jar;C:\Users\Anne-Marie\.m2\repository\junit\junit\4.12\junit-4.12.jar;C:\Users\Anne-Marie\.m2\repository\org\hamcrest\hamcrest-core\1.3\hamcrest-core-1.3.jar;C:\Users\Anne-Marie\.m2\repository\log4j\log4j\1.2.17\log4j-1.2.17.jar;C:\Users\Anne-Marie\.m2\repository\info\cukes\cucumber-junit\1.2.5\cucumber-junit-1.2.5.jar;C:\Users\Anne-Marie\.m2\repository\info\cukes\cucumber-core\1.2.5\cucumber-core-1.2.5.jar;C:\Users\Anne-Marie\.m2\repository\info\cukes\cucumber-html\0.2.3\cucumber-html-0.2.3.jar;C:\Users\Anne-Marie\.m2\repository\info\cukes\cucumber-jvm-deps\1.0.5\cucumber-jvm-deps-1.0.5.jar;C:\Users\Anne-Marie\.m2\repository\info\cukes\gherkin\2.12.2\gherkin-2.12.2.jar;C:\Users\Anne-Marie\.m2\repository\info\cukes\cucumber-java8\1.2.5\cucumber-java8-1.2.5.jar;C:\Users\Anne-Marie\.m2\repository\info\cukes\cucumber-java\1.2.5\cucumber-java-1.2.5.jar;C:\Users\Anne-Marie\.m2\repository\net\masterthought\cucumber-reporting\3.13.0\cucumber-reporting-3.13.0.jar;C:\Users\Anne-Marie\.m2\repository\org\apache\logging\log4j\log4j-api\2.8.2\log4j-api-2.8.2.jar;C:\Users\Anne-Marie\.m2\repository\org\apache\logging\log4j\log4j-core\2.8.2\log4j-core-2.8.2.jar;C:\Users\Anne-Marie\.m2\repository\com\fasterxml\jackson\core\jackson-databind\2.8.6\jackson-databind-2.8.6.jar;C:\Users\Anne-Marie\.m2\repository\com\fasterxml\jackson\core\jackson-annotations\2.8.0\jackson-annotations-2.8.0.jar;C:\Users\Anne-Marie\.m2\repository\com\fasterxml\jackson\core\jackson-core\2.8.6\jackson-core-2.8.6.jar;C:\Users\Anne-Marie\.m2\repository\org\apache\velocity\velocity\1.7\velocity-1.7.jar;C:\Users\Anne-Marie\.m2\repository\commons-collections\commons-collections\3.2.1\commons-collections-3.2.1.jar;C:\Users\Anne-Marie\.m2\repository\commons-lang\commons-lang\2.4\commons-lang-2.4.jar;C:\Users\Anne-Marie\.m2\repository\velocity-tools\velocity-tools\1.4\velocity-tools-1.4.jar;C:\Users\Anne-Marie\.m2\repository\joda-time\joda-time\2.9.9\joda-time-2.9.9.jar;C:\Users\Anne-Marie\.m2\repository\net\lingala\zip4j\zip4j\1.3.2\zip4j-1.3.2.jar;C:\Users\Anne-Marie\.m2\repository\org\codehaus\plexus\plexus-utils\3.0.24\plexus-utils-3.0.24.jar;C:\Users\Anne-Marie\.m2\repository\org\jsoup\jsoup\1.10.3\jsoup-1.10.3.jar;C:\Users\Anne-Marie\.m2\repository\com\googlecode\owasp-java-html-sanitizer\owasp-java-html-sanitizer\20170515.1\owasp-java-html-sanitizer-20170515.1.jar;C:\Users\Anne-Marie\.m2\repository\commons-configuration\commons-configuration\1.6\commons-configuration-1.6.jar;C:\Users\Anne-Marie\.m2\repository\commons-digester\commons-digester\1.8\commons-digester-1.8.jar;C:\Users\Anne-Marie\.m2\repository\commons-beanutils\commons-beanutils\1.7.0\commons-beanutils-1.7.0.jar;C:\Users\Anne-Marie\.m2\repository\commons-beanutils\commons-beanutils-core\1.8.0\commons-beanutils-core-1.8.0.jar;"/>
    <property name="sun.cpu.endian" value="little"/>
    <property name="user.home" value="C:\Users\Anne-Marie"/>
    <property name="user.language" value="en"/>
    <property name="java.specification.vendor" value="Oracle Corporation"/>
    <property name="java.home" value="C:\Program Files\Java\jdk1.8.0_144\jre"/>
    <property name="basedir" value="C:\Users\Anne-Marie\git\zoopla2TAE\ZooplaCucumberMavenJunit2"/>
    <property name="file.separator" value="\"/>
    <property name="line.separator" value="&#10;"/>
    <property name="java.vm.specification.vendor" value="Oracle Corporation"/>
    <property name="java.specification.name" value="Java Platform API Specification"/>
    <property name="java.awt.graphicsenv" value="sun.awt.Win32GraphicsEnvironment"/>
    <property name="surefire.real.class.path" value="C:\Users\ANNE-M~1\AppData\Local\Temp\surefire4962472783792867822\surefirebooter8525593515958550365.jar"/>
    <property name="sun.boot.class.path" value="C:\Program Files\Java\jdk1.8.0_144\jre\lib\resources.jar;C:\Program Files\Java\jdk1.8.0_144\jre\lib\rt.jar;C:\Program Files\Java\jdk1.8.0_144\jre\lib\sunrsasign.jar;C:\Program Files\Java\jdk1.8.0_144\jre\lib\jsse.jar;C:\Program Files\Java\jdk1.8.0_144\jre\lib\jce.jar;C:\Program Files\Java\jdk1.8.0_144\jre\lib\charsets.jar;C:\Program Files\Java\jdk1.8.0_144\jre\lib\jfr.jar;C:\Program Files\Java\jdk1.8.0_144\jre\classes"/>
    <property name="user.script" value=""/>
    <property name="sun.management.compiler" value="HotSpot 64-Bit Tiered Compilers"/>
    <property name="java.runtime.version" value="1.8.0_144-b01"/>
    <property name="user.name" value="Anne-Marie"/>
    <property name="path.separator" value=";"/>
    <property name="os.version" value="10.0"/>
    <property name="java.endorsed.dirs" value="C:\Program Files\Java\jdk1.8.0_144\jre\lib\endorsed"/>
    <property name="java.runtime.name" value="Java(TM) SE Runtime Environment"/>
    <property name="file.encoding" value="Cp1252"/>
    <property name="java.vm.name" value="Java HotSpot(TM) 64-Bit Server VM"/>
    <property name="localRepository" value="C:\Users\Anne-Marie\.m2\repository"/>
    <property name="java.vendor.url.bug" value="http://bugreport.sun.com/bugreport/"/>
    <property name="java.io.tmpdir" value="C:\Users\ANNE-M~1\AppData\Local\Temp\"/>
    <property name="java.version" value="1.8.0_144"/>
    <property name="user.dir" value="C:\Users\Anne-Marie\git\zoopla2TAE\ZooplaCucumberMavenJunit2"/>
    <property name="os.arch" value="amd64"/>
    <property name="java.vm.specification.name" value="Java Virtual Machine Specification"/>
    <property name="java.awt.printerjob" value="sun.awt.windows.WPrinterJob"/>
    <property name="sun.os.patch.level" value=""/>
    <property name="java.library.path" value="C:\Program Files\Java\jdk1.8.0_144\jre\bin;C:\WINDOWS\Sun\Java\bin;C:\WINDOWS\system32;C:\WINDOWS;C:/Program Files/Java/jre1.8.0_151/bin/server;C:/Program Files/Java/jre1.8.0_151/bin;C:/Program Files/Java/jre1.8.0_151/lib/amd64;C:\ProgramData\Oracle\Java\javapath;C:\Program Files\Dell\DW WLAN Card;C:\Program Files (x86)\Intel\iCLS Client\;C:\Program Files\Intel\iCLS Client\;C:\WINDOWS\system32;C:\WINDOWS;C:\WINDOWS\System32\Wbem;C:\WINDOWS\System32\WindowsPowerShell\v1.0\;C:\Program Files\WIDCOMM\Bluetooth Software\;C:\Program Files\WIDCOMM\Bluetooth Software\syswow64;C:\Program Files\Intel\Intel(R) Management Engine Components\DAL;C:\Program Files (x86)\Intel\Intel(R) Management Engine Components\DAL;C:\Program Files\Intel\Intel(R) Management Engine Components\IPT;C:\Program Files (x86)\Intel\Intel(R) Management Engine Components\IPT;C:\Program Files (x86)\Skype\Phone\;C:\Users\Anne-Marie\AppData\Local\Microsoft\WindowsApps;C:\Users\Anne-Marie\AppData\Roaming\Dashlane\4.6.5.21982\bin\Firefox_Extension\{442718d9-475e-452a-b3e1-fb1ee16b8e9f}\components;C:\Users\Anne-Marie\AppData\Roaming\Dashlane\4.6.6.23032\bin\Firefox_Extension\{442718d9-475e-452a-b3e1-fb1ee16b8e9f}\components;C:\Users\Anne-Marie\AppData\Roaming\Dashlane\4.8.7.3598;C:\WINDOWS\system32;C:\WINDOWS;C:\WINDOWS\System32\Wbem;C:\WINDOWS\System32\WindowsPowerShell\v1.0\;C:\apache-ant-1.10.1\bin;C:\Program Files\Git\cmd;C:\Users\Anne-Marie\AppData\Local\Microsoft\WindowsApps;C:\Users\Anne-Marie\AppData\Roaming\Dashlane\4.6.5.21982\bin\Firefox_Extension\{442718d9-475e-452a-b3e1-fb1ee16b8e9f}\components;C:\Users\Anne-Marie\AppData\Roaming\Dashlane\4.6.6.23032\bin\Firefox_Extension\{442718d9-475e-452a-b3e1-fb1ee16b8e9f}\components;C:\Users\Anne-Marie\AppData\Roaming\Dashlane\5.3.2.14186\bin\Firefox_Extension\{442718d9-475e-452a-b3e1-fb1ee16b8e9f}\components;C:\Users\Anne-Marie\AppData\Roaming\Dashlane\5.3.2.14186\ucrt;C:\apache-maven-3.5.2-bin\bin;;C:\Users\Anne-Marie\Downloads;;."/>
    <property name="java.vm.info" value="mixed mode"/>
    <property name="java.vendor" value="Oracle Corporation"/>
    <property name="java.vm.version" value="25.144-b01"/>
    <property name="java.ext.dirs" value="C:\Program Files\Java\jdk1.8.0_144\jre\lib\ext;C:\WINDOWS\Sun\Java\lib\ext"/>
    <property name="sun.io.unicode.encoding" value="UnicodeLittle"/>
    <property name="java.class.version" value="52.0"/>
  </properties>
  <testcase name="Given the Runmode is &quot;Y&quot;" classname="| Y | canary@gmail.com | Selenium321 | successful |" time="0.003"/>
  <testcase name="When I navigate to &quot;testUrl&quot; on &quot;browserType&quot;" classname="| Y | canary@gmail.com | Selenium321 | successful |" time="0"/>
  <testcase name="And I click on &quot;signinLink&quot;" classname="| Y | canary@gmail.com | Selenium321 | successful |" time="0"/>
  <testcase name="And I enter &quot;emailText&quot; as &quot;canary@gmail.com&quot;" classname="| Y | canary@gmail.com | Selenium321 | successful |" time="0"/>
  <testcase name="And I enter &quot;passwordText&quot; as &quot;Selenium321&quot;" classname="| Y | canary@gmail.com | Selenium321 | successful |" time="0"/>
  <testcase name="And I click on &quot;signinButton&quot;" classname="| Y | canary@gmail.com | Selenium321 | successful |" time="0"/>
  <testcase name="Then Signin should be &quot;successful&quot;" classname="| Y | canary@gmail.com | Selenium321 | successful |" time="0"/>
  <testcase name="| Y | canary@gmail.com | Selenium321 | successful |" classname="| Y | canary@gmail.com | Selenium321 | successful |" time="0.002"/>
  <testcase name="Given the Runmode is &quot;Y&quot;" classname="| Y | London | London |" time="0"/>
  <testcase name="When I navigate to &quot;testUrl&quot; on &quot;browserType&quot;" classname="| Y | London | London |" time="0"/>
  <testcase name="And I enter &quot;London&quot; into &quot;searchLocationText&quot;" classname="| Y | London | London |" time="0.001"/>
  <testcase name="And I click on &quot;searchButton&quot;" classname="| Y | London | London |" time="0"/>
  <testcase name="Then the For Sale properties results page &quot;headerTitleLabel&quot; should show &quot;London&quot;" classname="| Y | London | London |" time="0"/>
  <testcase name="| Y | London | London |" classname="| Y | London | London |" time="0.001"/>
  <testcase name="Given the Runmode is &quot;Y&quot;" classname="| Y | London | Test |" time="0"/>
  <testcase name="When I navigate to &quot;testUrl&quot; on &quot;browserType&quot;" classname="| Y | London | Test |" time="0"/>
  <testcase name="And I enter &quot;London&quot; into &quot;searchLocationText&quot;" classname="| Y | London | Test |" time="0"/>
  <testcase name="And I click on &quot;searchButton&quot;" classname="| Y | London | Test |" time="0"/>
  <testcase name="Then the For Sale properties results page &quot;headerTitleLabel&quot; should show &quot;Test&quot;" classname="| Y | London | Test |" time="0.024">
    <failure type="java.lang.AssertionError">java.lang.AssertionError
</failure>
    <system-err><![CDATA[Unable to read VR Path Registry from C:\Users\Anne-Marie\AppData\Local\openvr\openvrpaths.vrpath
[Child 8344, Chrome_ChildThread] WARNING: pipe error: 109: file z:/build/build/src/ipc/chromium/src/chrome/common/ipc_channel_win.cc, line 346
[GFX1-]: Receive IPC close with reason=AbnormalShutdown
Unable to read VR Path Registry from C:\Users\Anne-Marie\AppData\Local\openvr\openvrpaths.vrpath
[Child 22624, Chrome_ChildThread] WARNING: pipe error: 232: file z:/build/build/src/ipc/chromium/src/chrome/common/ipc_channel_win.cc, line 513
]]></system-err>
  </testcase>
  <testcase name="| Y | London | Test |" classname="| Y | London | Test |" time="0.024">
    <failure type="java.lang.AssertionError">java.lang.AssertionError
</failure>
  </testcase>
</testsuite>